
============================================================
  Training Config
============================================================
  Model:      local-dir:./pretrained_models/biomedclip
  Strategy:   full_finetune
  Num Classes:5
  Batch Size: 32
  Epochs:     50
  LR:         1e-05
  Seed:       42
  Log File:   ./output/logs/TIRADS/full_finetune_0630_2245.log

============================================================
  Training Progress
============================================================
 Epoch | Train Loss  Train Acc |   Val Loss    Val Acc     Val F1         LR
Epoch   1 | Train Loss=0.4855 Acc=0.5322 | Val Loss=0.2404 Acc=0.7782 F1=0.6860 LR=9.99e-07
  ✓ 保存最佳模型 (F1=0.6860) -> ./output/TIRADS/best_model.pth
Epoch   2 | Train Loss=0.2097 Acc=0.7404 | Val Loss=0.1010 Acc=0.8908 F1=0.8231 LR=9.96e-07
  ✓ 保存最佳模型 (F1=0.8231) -> ./output/TIRADS/best_model.pth
Epoch   3 | Train Loss=0.1247 Acc=0.8283 | Val Loss=0.0533 Acc=0.9181 F1=0.8567 LR=9.91e-07
  ✓ 保存最佳模型 (F1=0.8567) -> ./output/TIRADS/best_model.pth
Epoch   4 | Train Loss=0.0766 Acc=0.8830 | Val Loss=0.0278 Acc=0.9556 F1=0.9154 LR=9.84e-07
  ✓ 保存最佳模型 (F1=0.9154) -> ./output/TIRADS/best_model.pth
Epoch   5 | Train Loss=0.0512 Acc=0.9203 | Val Loss=0.0190 Acc=0.9659 F1=0.9395 LR=9.76e-07
  ✓ 保存最佳模型 (F1=0.9395) -> ./output/TIRADS/best_model.pth
Epoch   6 | Train Loss=0.0362 Acc=0.9422 | Val Loss=0.0139 Acc=0.9795 F1=0.9687 LR=9.65e-07
  ✓ 保存最佳模型 (F1=0.9687) -> ./output/TIRADS/best_model.pth
Epoch   7 | Train Loss=0.0257 Acc=0.9581 | Val Loss=0.0044 Acc=1.0000 F1=1.0000 LR=9.52e-07
  ✓ 保存最佳模型 (F1=1.0000) -> ./output/TIRADS/best_model.pth
Epoch   8 | Train Loss=0.0188 Acc=0.9701 | Val Loss=0.0040 Acc=1.0000 F1=1.0000 LR=9.38e-07
Epoch   9 | Train Loss=0.0132 Acc=0.9781 | Val Loss=0.0026 Acc=0.9966 F1=0.9939 LR=9.22e-07
Epoch  10 | Train Loss=0.0094 Acc=0.9839 | Val Loss=0.0035 Acc=0.9966 F1=0.9964 LR=9.05e-07
  ✓ 定期保存 checkpoint -> ./output/TIRADS/checkpoint_epoch10.pth
Epoch  11 | Train Loss=0.0073 Acc=0.9897 | Val Loss=0.0018 Acc=1.0000 F1=1.0000 LR=8.85e-07
Epoch  12 | Train Loss=0.0066 Acc=0.9901 | Val Loss=0.0018 Acc=0.9966 F1=0.9939 LR=8.64e-07
Epoch  13 | Train Loss=0.0047 Acc=0.9920 | Val Loss=0.0024 Acc=0.9932 F1=0.9903 LR=8.42e-07
Epoch  14 | Train Loss=0.0032 Acc=0.9945 | Val Loss=0.0077 Acc=0.9761 F1=0.9595 LR=8.19e-07
Epoch  15 | Train Loss=0.0033 Acc=0.9950 | Val Loss=0.0005 Acc=1.0000 F1=1.0000 LR=7.94e-07
Epoch  16 | Train Loss=0.0025 Acc=0.9966 | Val Loss=0.0005 Acc=1.0000 F1=1.0000 LR=7.68e-07
Epoch  17 | Train Loss=0.0020 Acc=0.9965 | Val Loss=0.0013 Acc=0.9966 F1=0.9941 LR=7.41e-07

  Early stopping at epoch 17 (patience=10)

============================================================
  Best Model: Epoch 7, F1=1.0000
============================================================
